2022-06-11T21:34:33.594569Z 0 [Warning] TIMESTAMP with implicit DEFAULT value is deprecated. Please use --explicit_defaults_for_timestamp server option (see documentation for more details).
2022-06-11T21:34:33.594569Z 0 [Warning] 'NO_ZERO_DATE', 'NO_ZERO_IN_DATE' and 'ERROR_FOR_DIVISION_BY_ZERO' sql modes should be used with strict mode. They will be merged with strict mode in a future release.
2022-06-11T21:34:33.594569Z 0 [Warning] 'NO_AUTO_CREATE_USER' sql mode was not set.
2022-06-11T21:34:33.594569Z 0 [Warning] Insecure configuration for --secure-file-priv: Current value does not restrict location of generated files. Consider setting it to a valid, non-empty path.
2022-06-11T21:34:33.594569Z 0 [ERROR] Cannot open Windows EventLog; check privileges, or start server with --log_syslog=0
2022-06-11T21:34:33.595566Z 0 [Note] C:\Users\damis\Desktop\developpement\01-Github\01-Projets\P-Demomot\UwAmp\01-UwAmp\bin\database\mysql-5.7.11\bin\mysqld.exe (mysqld 5.7.11) starting as process 16168 ...
2022-06-11T21:34:33.615513Z 0 [ERROR] Can't open shared library 'C:\Users\damis\Desktop\developpement\01-Github\01-Projets\P-Demomot\UwAmp\01-UwAmp\bin\database\mysql-5.7.11\lib\plugin\keyring_file.dll' (errno: 126 Le module spécifié est introuvable.)
2022-06-11T21:34:33.617507Z 0 [ERROR] Couldn't load plugin named 'keyring_file' with soname 'keyring_file.dll'.
2022-06-11T21:34:33.619505Z 0 [Note] InnoDB: Mutexes and rw_locks use Windows interlocked functions
2022-06-11T21:34:33.620502Z 0 [Note] InnoDB: Uses event mutexes
2022-06-11T21:34:33.620502Z 0 [Note] InnoDB: Memory barrier is not used
2022-06-11T21:34:33.621498Z 0 [Note] InnoDB: Compressed tables use zlib 1.2.3
2022-06-11T21:34:33.622495Z 0 [Note] InnoDB: Number of pools: 1
2022-06-11T21:34:33.623491Z 0 [Note] InnoDB: Not using CPU crc32 instructions
2022-06-11T21:34:33.688320Z 0 [Note] InnoDB: Initializing buffer pool, total size = 128M, instances = 1, chunk size = 128M
2022-06-11T21:34:33.699289Z 0 [Note] InnoDB: Completed initialization of buffer pool
2022-06-11T21:34:33.756138Z 0 [Note] InnoDB: Highest supported file format is Barracuda.
2022-06-11T21:34:33.758132Z 0 [Note] InnoDB: Log scan progressed past the checkpoint lsn 1437835
2022-06-11T21:34:33.759129Z 0 [Note] InnoDB: Doing recovery: scanned up to log sequence number 1437844
2022-06-11T21:34:33.760127Z 0 [Note] InnoDB: Doing recovery: scanned up to log sequence number 1437844
2022-06-11T21:34:33.761125Z 0 [Note] InnoDB: Database was not shutdown normally!
2022-06-11T21:34:33.761125Z 0 [Note] InnoDB: Starting crash recovery.
2022-06-11T21:34:33.927678Z 0 [Note] InnoDB: Removed temporary tablespace data file: "ibtmp1"
2022-06-11T21:34:33.928676Z 0 [Note] InnoDB: Creating shared tablespace for temporary tables
2022-06-11T21:34:33.929673Z 0 [Note] InnoDB: Setting file '.\ibtmp1' size to 12 MB. Physically writing the file full; Please wait ...
2022-06-11T21:34:33.955604Z 0 [Note] InnoDB: File '.\ibtmp1' size is now 12 MB.
2022-06-11T21:34:33.965577Z 0 [Note] InnoDB: 96 redo rollback segment(s) found. 96 redo rollback segment(s) are active.
2022-06-11T21:34:33.966574Z 0 [Note] InnoDB: 32 non-redo rollback segment(s) are active.
2022-06-11T21:34:33.967571Z 0 [Note] InnoDB: Waiting for purge to start
2022-06-11T21:34:34.031579Z 0 [Note] InnoDB: 5.7.11 started; log sequence number 1437844
2022-06-11T21:34:34.032579Z 0 [Note] InnoDB: Loading buffer pool(s) from C:\Users\damis\Desktop\developpement\01-Github\01-Projets\P-Demomot\UwAmp\01-UwAmp\bin\database\mysql-5.7.11\data\ib_buffer_pool
2022-06-11T21:34:34.032579Z 0 [Note] Plugin 'FEDERATED' is disabled.
2022-06-11T21:34:34.035571Z 0 [Warning] InnoDB: Cannot open table mysql/plugin from the internal data dictionary of InnoDB though the .frm file for the table exists. Please refer to http://dev.mysql.com/doc/refman/5.7/en/innodb-troubleshooting.html for how to resolve the issue.
2022-06-11T21:34:34.036567Z 0 [Note] InnoDB: Buffer pool(s) load completed at 220611 23:34:34
mysqld: Table 'mysql.plugin' doesn't exist
2022-06-11T21:34:34.037565Z 0 [ERROR] Can't open the mysql.plugin table. Please run mysql_upgrade to create it.
2022-06-11T21:34:34.039560Z 0 [Warning] InnoDB: Cannot open table mysql/gtid_executed from the internal data dictionary of InnoDB though the .frm file for the table exists. Please refer to http://dev.mysql.com/doc/refman/5.7/en/innodb-troubleshooting.html for how to resolve the issue.
mysqld: Table 'mysql.gtid_executed' doesn't exist
2022-06-11T21:34:34.041554Z 0 [Warning] Gtid table is not ready to be used. Table 'mysql.gtid_executed' cannot be opened.
2022-06-11T21:34:34.042552Z 0 [Warning] Failed to set up SSL because of the following SSL library error: SSL context is not usable without certificate and private key
2022-06-11T21:34:34.046541Z 0 [Note] Server hostname (bind-address): '*'; port: 3306
2022-06-11T21:34:34.046541Z 0 [Note] IPv6 is available.
2022-06-11T21:34:34.047539Z 0 [Note]   - '::' resolves to '::';
2022-06-11T21:34:34.047539Z 0 [Note] Server socket created on IP: '::'.
2022-06-11T21:34:34.048536Z 0 [Warning] InnoDB: Cannot open table mysql/server_cost from the internal data dictionary of InnoDB though the .frm file for the table exists. Please refer to http://dev.mysql.com/doc/refman/5.7/en/innodb-troubleshooting.html for how to resolve the issue.
2022-06-11T21:34:34.051527Z 0 [Warning] Failed to open optimizer cost constant tables

2022-06-11T21:34:34.057510Z 0 [Warning] Found invalid password for user: 'recettes_user@localhost'; Ignoring user
2022-06-11T21:34:34.058507Z 0 [Warning] InnoDB: Cannot open table mysql/time_zone_leap_second from the internal data dictionary of InnoDB though the .frm file for the table exists. Please refer to http://dev.mysql.com/doc/refman/5.7/en/innodb-troubleshooting.html for how to resolve the issue.
2022-06-11T21:34:34.060503Z 0 [Warning] Can't open and lock time zone table: Table 'mysql.time_zone_leap_second' doesn't exist trying to live without them
2022-06-11T21:34:34.064491Z 0 [Warning] InnoDB: Cannot open table mysql/servers from the internal data dictionary of InnoDB though the .frm file for the table exists. Please refer to http://dev.mysql.com/doc/refman/5.7/en/innodb-troubleshooting.html for how to resolve the issue.
2022-06-11T21:34:34.066486Z 0 [ERROR] Can't open and lock privilege tables: Table 'mysql.servers' doesn't exist
2022-06-11T21:34:34.085435Z 0 [Note] Event Scheduler: Loaded 0 events
2022-06-11T21:34:34.085435Z 0 [Note] C:\Users\damis\Desktop\developpement\01-Github\01-Projets\P-Demomot\UwAmp\01-UwAmp\bin\database\mysql-5.7.11\bin\mysqld.exe: ready for connections.
Version: '5.7.11'  socket: ''  port: 3306  MySQL Community Server (GPL)
2022-06-11T21:35:04.320419Z 5 [Warning] InnoDB: Cannot open table phpmyadmin/pma__relation from the internal data dictionary of InnoDB though the .frm file for the table exists. Please refer to http://dev.mysql.com/doc/refman/5.7/en/innodb-troubleshooting.html for how to resolve the issue.
2022-06-11T21:35:04.322413Z 5 [Warning] InnoDB: Cannot open table phpmyadmin/pma__table_info from the internal data dictionary of InnoDB though the .frm file for the table exists. Please refer to http://dev.mysql.com/doc/refman/5.7/en/innodb-troubleshooting.html for how to resolve the issue.
2022-06-11T21:35:04.324408Z 5 [Warning] InnoDB: Cannot open table phpmyadmin/pma__table_coords from the internal data dictionary of InnoDB though the .frm file for the table exists. Please refer to http://dev.mysql.com/doc/refman/5.7/en/innodb-troubleshooting.html for how to resolve the issue.
2022-06-11T21:35:04.326404Z 5 [Warning] InnoDB: Cannot open table phpmyadmin/pma__column_info from the internal data dictionary of InnoDB though the .frm file for the table exists. Please refer to http://dev.mysql.com/doc/refman/5.7/en/innodb-troubleshooting.html for how to resolve the issue.
2022-06-11T21:35:04.328397Z 5 [Warning] InnoDB: Cannot open table phpmyadmin/pma__history from the internal data dictionary of InnoDB though the .frm file for the table exists. Please refer to http://dev.mysql.com/doc/refman/5.7/en/innodb-troubleshooting.html for how to resolve the issue.
2022-06-11T21:35:04.330392Z 5 [Warning] InnoDB: Cannot open table phpmyadmin/pma__recent from the internal data dictionary of InnoDB though the .frm file for the table exists. Please refer to http://dev.mysql.com/doc/refman/5.7/en/innodb-troubleshooting.html for how to resolve the issue.
2022-06-11T21:35:04.332387Z 5 [Warning] InnoDB: Cannot open table phpmyadmin/pma__favorite from the internal data dictionary of InnoDB though the .frm file for the table exists. Please refer to http://dev.mysql.com/doc/refman/5.7/en/innodb-troubleshooting.html for how to resolve the issue.
2022-06-11T21:35:04.334381Z 5 [Warning] InnoDB: Cannot open table phpmyadmin/pma__table_uiprefs from the internal data dictionary of InnoDB though the .frm file for the table exists. Please refer to http://dev.mysql.com/doc/refman/5.7/en/innodb-troubleshooting.html for how to resolve the issue.
2022-06-11T21:35:04.336376Z 5 [Warning] InnoDB: Cannot open table phpmyadmin/pma__tracking from the internal data dictionary of InnoDB though the .frm file for the table exists. Please refer to http://dev.mysql.com/doc/refman/5.7/en/innodb-troubleshooting.html for how to resolve the issue.
2022-06-11T21:35:04.338371Z 5 [Warning] InnoDB: Cannot open table phpmyadmin/pma__userconfig from the internal data dictionary of InnoDB though the .frm file for the table exists. Please refer to http://dev.mysql.com/doc/refman/5.7/en/innodb-troubleshooting.html for how to resolve the issue.
2022-06-11T21:35:04.340372Z 5 [Warning] InnoDB: Cannot open table phpmyadmin/pma__bookmark from the internal data dictionary of InnoDB though the .frm file for the table exists. Please refer to http://dev.mysql.com/doc/refman/5.7/en/innodb-troubleshooting.html for how to resolve the issue.
2022-06-11T21:35:04.342360Z 5 [Warning] InnoDB: Cannot open table phpmyadmin/pma__users from the internal data dictionary of InnoDB though the .frm file for the table exists. Please refer to http://dev.mysql.com/doc/refman/5.7/en/innodb-troubleshooting.html for how to resolve the issue.
2022-06-11T21:35:04.344157Z 5 [Warning] InnoDB: Cannot open table phpmyadmin/pma__navigationhiding from the internal data dictionary of InnoDB though the .frm file for the table exists. Please refer to http://dev.mysql.com/doc/refman/5.7/en/innodb-troubleshooting.html for how to resolve the issue.
2022-06-11T21:35:04.346153Z 5 [Warning] InnoDB: Cannot open table phpmyadmin/pma__savedsearches from the internal data dictionary of InnoDB though the .frm file for the table exists. Please refer to http://dev.mysql.com/doc/refman/5.7/en/innodb-troubleshooting.html for how to resolve the issue.
2022-06-11T21:35:04.348148Z 5 [Warning] InnoDB: Cannot open table phpmyadmin/pma__central_columns from the internal data dictionary of InnoDB though the .frm file for the table exists. Please refer to http://dev.mysql.com/doc/refman/5.7/en/innodb-troubleshooting.html for how to resolve the issue.
2022-06-11T21:35:04.350143Z 5 [Warning] InnoDB: Cannot open table phpmyadmin/pma__designer_settings from the internal data dictionary of InnoDB though the .frm file for the table exists. Please refer to http://dev.mysql.com/doc/refman/5.7/en/innodb-troubleshooting.html for how to resolve the issue.
2022-06-11T21:35:04.351140Z 5 [Warning] InnoDB: Cannot open table phpmyadmin/pma__export_templates from the internal data dictionary of InnoDB though the .frm file for the table exists. Please refer to http://dev.mysql.com/doc/refman/5.7/en/innodb-troubleshooting.html for how to resolve the issue.
2022-06-11T21:36:22.338330Z 28 [ERROR] InnoDB: Table `mysql`.`innodb_table_stats` not found.
2022-06-11T21:36:22.373245Z 28 [ERROR] InnoDB: Table `mysql`.`innodb_table_stats` not found.
2022-06-11T21:36:22.408144Z 28 [ERROR] InnoDB: Table `mysql`.`innodb_table_stats` not found.
2022-06-11T21:36:22.443057Z 28 [ERROR] InnoDB: Table `mysql`.`innodb_table_stats` not found.
2022-06-11T21:36:22.473975Z 28 [ERROR] InnoDB: Table `mysql`.`innodb_table_stats` not found.
2022-06-11T21:36:22.506885Z 28 [ERROR] InnoDB: Table `mysql`.`innodb_table_stats` not found.
2022-06-11T21:36:22.536839Z 28 [ERROR] InnoDB: Table `mysql`.`innodb_table_stats` not found.
2022-06-11T21:36:22.567724Z 28 [ERROR] InnoDB: Table `mysql`.`innodb_table_stats` not found.
2022-06-11T21:36:22.596646Z 28 [ERROR] InnoDB: Table `mysql`.`innodb_table_stats` not found.
2022-06-11T21:36:22.602631Z 28 [ERROR] InnoDB: Table `mysql`.`innodb_table_stats` not found.
2022-06-11T21:36:22.603628Z 28 [ERROR] InnoDB: Fetch of persistent statistics requested for table `db_demomot`.`t_character` but the required system tables mysql.innodb_table_stats and mysql.innodb_index_stats are not present or have unexpected structure. Using transient stats instead.
2022-06-11T21:36:22.633549Z 28 [ERROR] InnoDB: Table `mysql`.`innodb_table_stats` not found.
2022-06-11T21:36:22.634546Z 28 [ERROR] InnoDB: Table `mysql`.`innodb_table_stats` not found.
2022-06-11T21:36:22.635543Z 28 [ERROR] InnoDB: Fetch of persistent statistics requested for table `db_demomot`.`#sql-3f28_1c` but the required system tables mysql.innodb_table_stats and mysql.innodb_index_stats are not present or have unexpected structure. Using transient stats instead.
2022-06-11T21:36:22.641539Z 28 [ERROR] InnoDB: Table `mysql`.`innodb_table_stats` not found.
2022-06-11T21:36:22.641539Z 28 [ERROR] InnoDB: Table `mysql`.`innodb_table_stats` not found.
2022-06-11T21:36:22.645515Z 28 [ERROR] InnoDB: Table `mysql`.`innodb_table_stats` not found.
2022-06-11T21:36:22.646513Z 28 [ERROR] InnoDB: Table `mysql`.`innodb_table_stats` not found.
2022-06-11T21:36:22.648507Z 28 [ERROR] InnoDB: Table `mysql`.`innodb_table_stats` not found.
2022-06-11T21:36:22.657483Z 28 [ERROR] InnoDB: Table `mysql`.`innodb_table_stats` not found.
2022-06-11T21:36:22.658481Z 28 [ERROR] InnoDB: Fetch of persistent statistics requested for table `db_demomot`.`t_character` but the required system tables mysql.innodb_table_stats and mysql.innodb_index_stats are not present or have unexpected structure. Using transient stats instead.
2022-06-11T21:36:22.692392Z 28 [ERROR] InnoDB: Table `mysql`.`innodb_table_stats` not found.
2022-06-11T21:36:22.693389Z 28 [ERROR] InnoDB: Table `mysql`.`innodb_table_stats` not found.
2022-06-11T21:36:22.694387Z 28 [ERROR] InnoDB: Fetch of persistent statistics requested for table `db_demomot`.`#sql-3f28_1c` but the required system tables mysql.innodb_table_stats and mysql.innodb_index_stats are not present or have unexpected structure. Using transient stats instead.
2022-06-11T21:36:22.699375Z 28 [ERROR] InnoDB: Table `mysql`.`innodb_table_stats` not found.
2022-06-11T21:36:22.699375Z 28 [ERROR] InnoDB: Table `mysql`.`innodb_table_stats` not found.
2022-06-11T21:36:22.703362Z 28 [ERROR] InnoDB: Table `mysql`.`innodb_table_stats` not found.
2022-06-11T21:36:22.703362Z 28 [ERROR] InnoDB: Table `mysql`.`innodb_table_stats` not found.
2022-06-11T21:36:22.704360Z 28 [ERROR] InnoDB: Table `mysql`.`innodb_table_stats` not found.
2022-06-11T21:36:22.786519Z 28 [ERROR] InnoDB: Table `mysql`.`innodb_table_stats` not found.
2022-06-11T21:36:22.787543Z 28 [ERROR] InnoDB: Fetch of persistent statistics requested for table `db_demomot`.`t_power` but the required system tables mysql.innodb_table_stats and mysql.innodb_index_stats are not present or have unexpected structure. Using transient stats instead.
2022-06-11T21:36:22.816515Z 28 [ERROR] InnoDB: Table `mysql`.`innodb_table_stats` not found.
2022-06-11T21:36:22.817438Z 28 [ERROR] InnoDB: Table `mysql`.`innodb_table_stats` not found.
2022-06-11T21:36:22.817438Z 28 [ERROR] InnoDB: Fetch of persistent statistics requested for table `db_demomot`.`#sql-3f28_1c` but the required system tables mysql.innodb_table_stats and mysql.innodb_index_stats are not present or have unexpected structure. Using transient stats instead.
2022-06-11T21:36:22.822871Z 28 [ERROR] InnoDB: Table `mysql`.`innodb_table_stats` not found.
2022-06-11T21:36:22.823845Z 28 [ERROR] InnoDB: Table `mysql`.`innodb_table_stats` not found.
2022-06-11T21:36:22.826836Z 28 [ERROR] InnoDB: Table `mysql`.`innodb_table_stats` not found.
2022-06-11T21:36:22.826836Z 28 [ERROR] InnoDB: Table `mysql`.`innodb_table_stats` not found.
2022-06-11T21:36:22.828829Z 28 [ERROR] InnoDB: Table `mysql`.`innodb_table_stats` not found.
2022-06-11T21:36:22.835811Z 28 [ERROR] InnoDB: Table `mysql`.`innodb_table_stats` not found.
2022-06-11T21:36:22.836808Z 28 [ERROR] InnoDB: Fetch of persistent statistics requested for table `db_demomot`.`t_session` but the required system tables mysql.innodb_table_stats and mysql.innodb_index_stats are not present or have unexpected structure. Using transient stats instead.
2022-06-11T21:36:22.863737Z 28 [ERROR] InnoDB: Table `mysql`.`innodb_table_stats` not found.
2022-06-11T21:36:22.864734Z 28 [ERROR] InnoDB: Table `mysql`.`innodb_table_stats` not found.
2022-06-11T21:36:22.865733Z 28 [ERROR] InnoDB: Fetch of persistent statistics requested for table `db_demomot`.`#sql-3f28_1c` but the required system tables mysql.innodb_table_stats and mysql.innodb_index_stats are not present or have unexpected structure. Using transient stats instead.
2022-06-11T21:36:22.870718Z 28 [ERROR] InnoDB: Table `mysql`.`innodb_table_stats` not found.
2022-06-11T21:36:22.871715Z 28 [ERROR] InnoDB: Table `mysql`.`innodb_table_stats` not found.
2022-06-11T21:36:22.875720Z 28 [ERROR] InnoDB: Table `mysql`.`innodb_table_stats` not found.
2022-06-11T21:36:22.875720Z 28 [ERROR] InnoDB: Table `mysql`.`innodb_table_stats` not found.
2022-06-11T21:36:22.876704Z 28 [ERROR] InnoDB: Table `mysql`.`innodb_table_stats` not found.
2022-06-11T21:36:22.886676Z 28 [ERROR] InnoDB: Table `mysql`.`innodb_table_stats` not found.
2022-06-11T21:36:22.887674Z 28 [ERROR] InnoDB: Fetch of persistent statistics requested for table `db_demomot`.`t_chest` but the required system tables mysql.innodb_table_stats and mysql.innodb_index_stats are not present or have unexpected structure. Using transient stats instead.
2022-06-11T21:36:22.921584Z 28 [ERROR] InnoDB: Table `mysql`.`innodb_table_stats` not found.
2022-06-11T21:36:22.922587Z 28 [ERROR] InnoDB: Table `mysql`.`innodb_table_stats` not found.
2022-06-11T21:36:22.923576Z 28 [ERROR] InnoDB: Fetch of persistent statistics requested for table `db_demomot`.`#sql-3f28_1c` but the required system tables mysql.innodb_table_stats and mysql.innodb_index_stats are not present or have unexpected structure. Using transient stats instead.
2022-06-11T21:36:22.929561Z 28 [ERROR] InnoDB: Table `mysql`.`innodb_table_stats` not found.
2022-06-11T21:36:22.930558Z 28 [ERROR] InnoDB: Table `mysql`.`innodb_table_stats` not found.
2022-06-11T21:36:22.933550Z 28 [ERROR] InnoDB: Table `mysql`.`innodb_table_stats` not found.
2022-06-11T21:36:22.934547Z 28 [ERROR] InnoDB: Table `mysql`.`innodb_table_stats` not found.
2022-06-11T21:36:22.936542Z 28 [ERROR] InnoDB: Table `mysql`.`innodb_table_stats` not found.
2022-06-11T21:36:22.945518Z 28 [ERROR] InnoDB: Table `mysql`.`innodb_table_stats` not found.
2022-06-11T21:36:22.946518Z 28 [ERROR] InnoDB: Fetch of persistent statistics requested for table `db_demomot`.`t_chest` but the required system tables mysql.innodb_table_stats and mysql.innodb_index_stats are not present or have unexpected structure. Using transient stats instead.
2022-06-11T21:36:22.974441Z 28 [ERROR] InnoDB: Table `mysql`.`innodb_table_stats` not found.
2022-06-11T21:36:22.975438Z 28 [ERROR] InnoDB: Table `mysql`.`innodb_table_stats` not found.
2022-06-11T21:36:22.976436Z 28 [ERROR] InnoDB: Fetch of persistent statistics requested for table `db_demomot`.`#sql-3f28_1c` but the required system tables mysql.innodb_table_stats and mysql.innodb_index_stats are not present or have unexpected structure. Using transient stats instead.
2022-06-11T21:36:22.981422Z 28 [ERROR] InnoDB: Table `mysql`.`innodb_table_stats` not found.
2022-06-11T21:36:22.982452Z 28 [ERROR] InnoDB: Table `mysql`.`innodb_table_stats` not found.
2022-06-11T21:36:22.985411Z 28 [ERROR] InnoDB: Table `mysql`.`innodb_table_stats` not found.
2022-06-11T21:36:22.986409Z 28 [ERROR] InnoDB: Table `mysql`.`innodb_table_stats` not found.
2022-06-11T21:36:22.987406Z 28 [ERROR] InnoDB: Table `mysql`.`innodb_table_stats` not found.
2022-06-11T21:36:22.996381Z 28 [ERROR] InnoDB: Table `mysql`.`innodb_table_stats` not found.
2022-06-11T21:36:22.997381Z 28 [ERROR] InnoDB: Fetch of persistent statistics requested for table `db_demomot`.`t_play` but the required system tables mysql.innodb_table_stats and mysql.innodb_index_stats are not present or have unexpected structure. Using transient stats instead.
2022-06-11T21:36:23.027310Z 28 [ERROR] InnoDB: Table `mysql`.`innodb_table_stats` not found.
2022-06-11T21:36:23.028305Z 28 [ERROR] InnoDB: Table `mysql`.`innodb_table_stats` not found.
2022-06-11T21:36:23.028305Z 28 [ERROR] InnoDB: Fetch of persistent statistics requested for table `db_demomot`.`#sql-3f28_1c` but the required system tables mysql.innodb_table_stats and mysql.innodb_index_stats are not present or have unexpected structure. Using transient stats instead.
2022-06-11T21:36:23.034284Z 28 [ERROR] InnoDB: Table `mysql`.`innodb_table_stats` not found.
2022-06-11T21:36:23.035278Z 28 [ERROR] InnoDB: Table `mysql`.`innodb_table_stats` not found.
2022-06-11T21:36:23.038299Z 28 [ERROR] InnoDB: Table `mysql`.`innodb_table_stats` not found.
2022-06-11T21:36:23.039269Z 28 [ERROR] InnoDB: Table `mysql`.`innodb_table_stats` not found.
2022-06-11T21:36:23.040266Z 28 [ERROR] InnoDB: Table `mysql`.`innodb_table_stats` not found.
2022-06-11T21:36:23.050239Z 28 [ERROR] InnoDB: Table `mysql`.`innodb_table_stats` not found.
2022-06-11T21:36:23.050239Z 28 [ERROR] InnoDB: Fetch of persistent statistics requested for table `db_demomot`.`t_play` but the required system tables mysql.innodb_table_stats and mysql.innodb_index_stats are not present or have unexpected structure. Using transient stats instead.
2022-06-11T21:36:23.080161Z 28 [ERROR] InnoDB: Table `mysql`.`innodb_table_stats` not found.
2022-06-11T21:36:23.081155Z 28 [ERROR] InnoDB: Table `mysql`.`innodb_table_stats` not found.
2022-06-11T21:36:23.082155Z 28 [ERROR] InnoDB: Fetch of persistent statistics requested for table `db_demomot`.`#sql-3f28_1c` but the required system tables mysql.innodb_table_stats and mysql.innodb_index_stats are not present or have unexpected structure. Using transient stats instead.
2022-06-11T21:36:23.088137Z 28 [ERROR] InnoDB: Table `mysql`.`innodb_table_stats` not found.
2022-06-11T21:36:23.088137Z 28 [ERROR] InnoDB: Table `mysql`.`innodb_table_stats` not found.
2022-06-11T21:36:23.091136Z 28 [ERROR] InnoDB: Table `mysql`.`innodb_table_stats` not found.
2022-06-11T21:36:23.092126Z 28 [ERROR] InnoDB: Table `mysql`.`innodb_table_stats` not found.
2022-06-11T21:36:23.093123Z 28 [ERROR] InnoDB: Table `mysql`.`innodb_table_stats` not found.
2022-06-11T21:36:23.103106Z 28 [ERROR] InnoDB: Table `mysql`.`innodb_table_stats` not found.
2022-06-11T21:36:23.104097Z 28 [ERROR] InnoDB: Fetch of persistent statistics requested for table `db_demomot`.`t_user` but the required system tables mysql.innodb_table_stats and mysql.innodb_index_stats are not present or have unexpected structure. Using transient stats instead.
2022-06-11T21:36:23.142990Z 28 [ERROR] InnoDB: Table `mysql`.`innodb_table_stats` not found.
2022-06-11T21:36:23.144985Z 28 [ERROR] InnoDB: Table `mysql`.`innodb_table_stats` not found.
2022-06-11T21:36:23.144985Z 28 [ERROR] InnoDB: Fetch of persistent statistics requested for table `db_demomot`.`#sql-3f28_1c` but the required system tables mysql.innodb_table_stats and mysql.innodb_index_stats are not present or have unexpected structure. Using transient stats instead.
2022-06-11T21:36:23.150971Z 28 [ERROR] InnoDB: Table `mysql`.`innodb_table_stats` not found.
2022-06-11T21:36:23.150971Z 28 [ERROR] InnoDB: Table `mysql`.`innodb_table_stats` not found.
2022-06-11T21:36:23.154960Z 28 [ERROR] InnoDB: Table `mysql`.`innodb_table_stats` not found.
2022-06-11T21:36:23.155955Z 28 [ERROR] InnoDB: Table `mysql`.`innodb_table_stats` not found.
2022-06-11T21:36:23.156953Z 28 [ERROR] InnoDB: Table `mysql`.`innodb_table_stats` not found.
2022-06-11T21:36:23.166928Z 28 [ERROR] InnoDB: Table `mysql`.`innodb_table_stats` not found.
2022-06-11T21:36:23.166928Z 28 [ERROR] InnoDB: Fetch of persistent statistics requested for table `db_demomot`.`t_character` but the required system tables mysql.innodb_table_stats and mysql.innodb_index_stats are not present or have unexpected structure. Using transient stats instead.
2022-06-11T21:36:23.182883Z 28 [ERROR] InnoDB: Table `mysql`.`innodb_table_stats` not found.
2022-06-11T21:36:23.183880Z 28 [Note] InnoDB: Recalculation of persistent statistics requested for table `db_demomot`.`t_character` index `ID_t_character_IND` but the required persistent statistics storage is not present or is corrupted. Using transient stats instead.
2022-06-11T21:36:23.185875Z 28 [ERROR] InnoDB: Table `mysql`.`innodb_table_stats` not found.
2022-06-11T21:36:23.186872Z 28 [ERROR] InnoDB: Fetch of persistent statistics requested for table `db_demomot`.`t_character` but the required system tables mysql.innodb_table_stats and mysql.innodb_index_stats are not present or have unexpected structure. Using transient stats instead.
2022-06-11T21:36:23.205822Z 28 [ERROR] InnoDB: Table `mysql`.`innodb_table_stats` not found.
2022-06-11T21:36:23.206820Z 28 [ERROR] InnoDB: Table `mysql`.`innodb_table_stats` not found.
2022-06-11T21:36:23.207818Z 28 [Note] InnoDB: Recalculation of persistent statistics requested for table `db_demomot`.`t_character` index `FKt_own_IND` but the required persistent statistics storage is not present or is corrupted. Using transient stats instead.
2022-06-11T21:36:23.209811Z 28 [ERROR] InnoDB: Table `mysql`.`innodb_table_stats` not found.
2022-06-11T21:36:23.209811Z 28 [ERROR] InnoDB: Fetch of persistent statistics requested for table `db_demomot`.`t_character` but the required system tables mysql.innodb_table_stats and mysql.innodb_index_stats are not present or have unexpected structure. Using transient stats instead.
2022-06-11T21:36:23.225768Z 28 [ERROR] InnoDB: Table `mysql`.`innodb_table_stats` not found.
2022-06-11T21:36:23.225768Z 28 [ERROR] InnoDB: Table `mysql`.`innodb_table_stats` not found.
2022-06-11T21:36:23.226766Z 28 [Note] InnoDB: Recalculation of persistent statistics requested for table `db_demomot`.`t_character` index `FKt_contain_IND` but the required persistent statistics storage is not present or is corrupted. Using transient stats instead.
2022-06-11T21:36:23.228760Z 28 [ERROR] InnoDB: Table `mysql`.`innodb_table_stats` not found.
2022-06-11T21:36:23.228760Z 28 [ERROR] InnoDB: Fetch of persistent statistics requested for table `db_demomot`.`t_character` but the required system tables mysql.innodb_table_stats and mysql.innodb_index_stats are not present or have unexpected structure. Using transient stats instead.
2022-06-11T21:36:23.235742Z 28 [ERROR] InnoDB: Table `mysql`.`innodb_table_stats` not found.
2022-06-11T21:36:23.235742Z 28 [ERROR] InnoDB: Fetch of persistent statistics requested for table `db_demomot`.`t_power` but the required system tables mysql.innodb_table_stats and mysql.innodb_index_stats are not present or have unexpected structure. Using transient stats instead.
2022-06-11T21:36:23.249704Z 28 [ERROR] InnoDB: Table `mysql`.`innodb_table_stats` not found.
2022-06-11T21:36:23.249704Z 28 [Note] InnoDB: Recalculation of persistent statistics requested for table `db_demomot`.`t_power` index `ID_t_power_IND` but the required persistent statistics storage is not present or is corrupted. Using transient stats instead.
2022-06-11T21:36:23.251699Z 28 [ERROR] InnoDB: Table `mysql`.`innodb_table_stats` not found.
2022-06-11T21:36:23.252697Z 28 [ERROR] InnoDB: Fetch of persistent statistics requested for table `db_demomot`.`t_power` but the required system tables mysql.innodb_table_stats and mysql.innodb_index_stats are not present or have unexpected structure. Using transient stats instead.
2022-06-11T21:36:23.270648Z 28 [ERROR] InnoDB: Table `mysql`.`innodb_table_stats` not found.
2022-06-11T21:36:23.270648Z 28 [ERROR] InnoDB: Table `mysql`.`innodb_table_stats` not found.
2022-06-11T21:36:23.271645Z 28 [Note] InnoDB: Recalculation of persistent statistics requested for table `db_demomot`.`t_power` index `FKt_use_IND` but the required persistent statistics storage is not present or is corrupted. Using transient stats instead.
2022-06-11T21:36:23.273675Z 28 [ERROR] InnoDB: Table `mysql`.`innodb_table_stats` not found.
2022-06-11T21:36:23.274639Z 28 [ERROR] InnoDB: Fetch of persistent statistics requested for table `db_demomot`.`t_power` but the required system tables mysql.innodb_table_stats and mysql.innodb_index_stats are not present or have unexpected structure. Using transient stats instead.
2022-06-11T21:36:23.281620Z 28 [ERROR] InnoDB: Table `mysql`.`innodb_table_stats` not found.
2022-06-11T21:36:23.282617Z 28 [ERROR] InnoDB: Fetch of persistent statistics requested for table `db_demomot`.`t_session` but the required system tables mysql.innodb_table_stats and mysql.innodb_index_stats are not present or have unexpected structure. Using transient stats instead.
2022-06-11T21:36:23.294585Z 28 [ERROR] InnoDB: Table `mysql`.`innodb_table_stats` not found.
2022-06-11T21:36:23.295583Z 28 [Note] InnoDB: Recalculation of persistent statistics requested for table `db_demomot`.`t_session` index `ID_t_session_IND` but the required persistent statistics storage is not present or is corrupted. Using transient stats instead.
2022-06-11T21:36:23.298574Z 28 [ERROR] InnoDB: Table `mysql`.`innodb_table_stats` not found.
2022-06-11T21:36:23.298574Z 28 [ERROR] InnoDB: Fetch of persistent statistics requested for table `db_demomot`.`t_session` but the required system tables mysql.innodb_table_stats and mysql.innodb_index_stats are not present or have unexpected structure. Using transient stats instead.
2022-06-11T21:36:23.314564Z 28 [ERROR] InnoDB: Table `mysql`.`innodb_table_stats` not found.
2022-06-11T21:36:23.315562Z 28 [Note] InnoDB: Recalculation of persistent statistics requested for table `db_demomot`.`t_session` index `FKt_isPartOf_IND` but the required persistent statistics storage is not present or is corrupted. Using transient stats instead.
2022-06-11T21:36:23.317525Z 28 [ERROR] InnoDB: Table `mysql`.`innodb_table_stats` not found.
2022-06-11T21:36:23.317525Z 28 [ERROR] InnoDB: Fetch of persistent statistics requested for table `db_demomot`.`t_session` but the required system tables mysql.innodb_table_stats and mysql.innodb_index_stats are not present or have unexpected structure. Using transient stats instead.
2022-06-11T21:36:23.325502Z 28 [ERROR] InnoDB: Table `mysql`.`innodb_table_stats` not found.
2022-06-11T21:36:23.325502Z 28 [ERROR] InnoDB: Fetch of persistent statistics requested for table `db_demomot`.`t_game` but the required system tables mysql.innodb_table_stats and mysql.innodb_index_stats are not present or have unexpected structure. Using transient stats instead.
2022-06-11T21:36:23.337472Z 28 [ERROR] InnoDB: Table `mysql`.`innodb_table_stats` not found.
2022-06-11T21:36:23.338470Z 28 [Note] InnoDB: Recalculation of persistent statistics requested for table `db_demomot`.`t_game` index `ID_t_game_IND` but the required persistent statistics storage is not present or is corrupted. Using transient stats instead.
2022-06-11T21:36:23.340462Z 28 [ERROR] InnoDB: Table `mysql`.`innodb_table_stats` not found.
2022-06-11T21:36:23.341460Z 28 [ERROR] InnoDB: Fetch of persistent statistics requested for table `db_demomot`.`t_game` but the required system tables mysql.innodb_table_stats and mysql.innodb_index_stats are not present or have unexpected structure. Using transient stats instead.
2022-06-11T21:36:23.348440Z 28 [ERROR] InnoDB: Table `mysql`.`innodb_table_stats` not found.
2022-06-11T21:36:23.348440Z 28 [ERROR] InnoDB: Fetch of persistent statistics requested for table `db_demomot`.`t_chest` but the required system tables mysql.innodb_table_stats and mysql.innodb_index_stats are not present or have unexpected structure. Using transient stats instead.
2022-06-11T21:36:23.362403Z 28 [ERROR] InnoDB: Table `mysql`.`innodb_table_stats` not found.
2022-06-11T21:36:23.362403Z 28 [Note] InnoDB: Recalculation of persistent statistics requested for table `db_demomot`.`t_chest` index `ID_t_chest_IND` but the required persistent statistics storage is not present or is corrupted. Using transient stats instead.
2022-06-11T21:36:23.364397Z 28 [ERROR] InnoDB: Table `mysql`.`innodb_table_stats` not found.
2022-06-11T21:36:23.365395Z 28 [ERROR] InnoDB: Fetch of persistent statistics requested for table `db_demomot`.`t_chest` but the required system tables mysql.innodb_table_stats and mysql.innodb_index_stats are not present or have unexpected structure. Using transient stats instead.
2022-06-11T21:36:23.383347Z 28 [ERROR] InnoDB: Table `mysql`.`innodb_table_stats` not found.
2022-06-11T21:36:23.383347Z 28 [ERROR] InnoDB: Table `mysql`.`innodb_table_stats` not found.
2022-06-11T21:36:23.384346Z 28 [Note] InnoDB: Recalculation of persistent statistics requested for table `db_demomot`.`t_chest` index `FKt_categorize_IND` but the required persistent statistics storage is not present or is corrupted. Using transient stats instead.
2022-06-11T21:36:23.386339Z 28 [ERROR] InnoDB: Table `mysql`.`innodb_table_stats` not found.
2022-06-11T21:36:23.387338Z 28 [ERROR] InnoDB: Fetch of persistent statistics requested for table `db_demomot`.`t_chest` but the required system tables mysql.innodb_table_stats and mysql.innodb_index_stats are not present or have unexpected structure. Using transient stats instead.
2022-06-11T21:36:23.405290Z 28 [ERROR] InnoDB: Table `mysql`.`innodb_table_stats` not found.
2022-06-11T21:36:23.406286Z 28 [ERROR] InnoDB: Table `mysql`.`innodb_table_stats` not found.
2022-06-11T21:36:23.407283Z 28 [Note] InnoDB: Recalculation of persistent statistics requested for table `db_demomot`.`t_chest` index `FKt_belong_IND` but the required persistent statistics storage is not present or is corrupted. Using transient stats instead.
2022-06-11T21:36:23.410276Z 28 [ERROR] InnoDB: Table `mysql`.`innodb_table_stats` not found.
2022-06-11T21:36:23.410276Z 28 [ERROR] InnoDB: Fetch of persistent statistics requested for table `db_demomot`.`t_chest` but the required system tables mysql.innodb_table_stats and mysql.innodb_index_stats are not present or have unexpected structure. Using transient stats instead.
2022-06-11T21:36:23.419251Z 28 [ERROR] InnoDB: Table `mysql`.`innodb_table_stats` not found.
2022-06-11T21:36:23.420249Z 28 [ERROR] InnoDB: Fetch of persistent statistics requested for table `db_demomot`.`t_play` but the required system tables mysql.innodb_table_stats and mysql.innodb_index_stats are not present or have unexpected structure. Using transient stats instead.
2022-06-11T21:36:23.458148Z 28 [ERROR] InnoDB: Table `mysql`.`innodb_table_stats` not found.
2022-06-11T21:36:23.459177Z 28 [Note] InnoDB: Recalculation of persistent statistics requested for table `db_demomot`.`t_play` index `ID_t_play_IND` but the required persistent statistics storage is not present or is corrupted. Using transient stats instead.
2022-06-11T21:36:23.461172Z 28 [ERROR] InnoDB: Table `mysql`.`innodb_table_stats` not found.
2022-06-11T21:36:23.461172Z 28 [ERROR] InnoDB: Fetch of persistent statistics requested for table `db_demomot`.`t_play` but the required system tables mysql.innodb_table_stats and mysql.innodb_index_stats are not present or have unexpected structure. Using transient stats instead.
2022-06-11T21:36:23.483080Z 28 [ERROR] InnoDB: Table `mysql`.`innodb_table_stats` not found.
2022-06-11T21:36:23.483080Z 28 [ERROR] InnoDB: Table `mysql`.`innodb_table_stats` not found.
2022-06-11T21:36:23.484080Z 28 [Note] InnoDB: Recalculation of persistent statistics requested for table `db_demomot`.`t_play` index `FKt_p_t_u_IND` but the required persistent statistics storage is not present or is corrupted. Using transient stats instead.
2022-06-11T21:36:23.486073Z 28 [ERROR] InnoDB: Table `mysql`.`innodb_table_stats` not found.
2022-06-11T21:36:23.487070Z 28 [ERROR] InnoDB: Fetch of persistent statistics requested for table `db_demomot`.`t_play` but the required system tables mysql.innodb_table_stats and mysql.innodb_index_stats are not present or have unexpected structure. Using transient stats instead.
2022-06-11T21:36:23.494051Z 28 [ERROR] InnoDB: Table `mysql`.`innodb_table_stats` not found.
2022-06-11T21:36:23.495083Z 28 [ERROR] InnoDB: Fetch of persistent statistics requested for table `db_demomot`.`t_rank` but the required system tables mysql.innodb_table_stats and mysql.innodb_index_stats are not present or have unexpected structure. Using transient stats instead.
2022-06-11T21:36:23.507016Z 28 [ERROR] InnoDB: Table `mysql`.`innodb_table_stats` not found.
2022-06-11T21:36:23.507016Z 28 [Note] InnoDB: Recalculation of persistent statistics requested for table `db_demomot`.`t_rank` index `ID_t_rank_IND` but the required persistent statistics storage is not present or is corrupted. Using transient stats instead.
2022-06-11T21:36:23.509012Z 28 [ERROR] InnoDB: Table `mysql`.`innodb_table_stats` not found.
2022-06-11T21:36:23.510008Z 28 [ERROR] InnoDB: Fetch of persistent statistics requested for table `db_demomot`.`t_rank` but the required system tables mysql.innodb_table_stats and mysql.innodb_index_stats are not present or have unexpected structure. Using transient stats instead.
2022-06-11T21:36:23.516989Z 28 [ERROR] InnoDB: Table `mysql`.`innodb_table_stats` not found.
2022-06-11T21:36:23.517987Z 28 [ERROR] InnoDB: Fetch of persistent statistics requested for table `db_demomot`.`t_rarity` but the required system tables mysql.innodb_table_stats and mysql.innodb_index_stats are not present or have unexpected structure. Using transient stats instead.
2022-06-11T21:36:23.530987Z 28 [ERROR] InnoDB: Table `mysql`.`innodb_table_stats` not found.
2022-06-11T21:36:23.530987Z 28 [Note] InnoDB: Recalculation of persistent statistics requested for table `db_demomot`.`t_rarity` index `ID_t_rarity_IND` but the required persistent statistics storage is not present or is corrupted. Using transient stats instead.
2022-06-11T21:36:23.533948Z 28 [ERROR] InnoDB: Table `mysql`.`innodb_table_stats` not found.
2022-06-11T21:36:23.533948Z 28 [ERROR] InnoDB: Fetch of persistent statistics requested for table `db_demomot`.`t_rarity` but the required system tables mysql.innodb_table_stats and mysql.innodb_index_stats are not present or have unexpected structure. Using transient stats instead.
2022-06-11T21:36:23.540927Z 28 [ERROR] InnoDB: Table `mysql`.`innodb_table_stats` not found.
2022-06-11T21:36:23.541923Z 28 [ERROR] InnoDB: Fetch of persistent statistics requested for table `db_demomot`.`t_user` but the required system tables mysql.innodb_table_stats and mysql.innodb_index_stats are not present or have unexpected structure. Using transient stats instead.
2022-06-11T21:36:23.553893Z 28 [ERROR] InnoDB: Table `mysql`.`innodb_table_stats` not found.
2022-06-11T21:36:23.554889Z 28 [Note] InnoDB: Recalculation of persistent statistics requested for table `db_demomot`.`t_user` index `ID_t_user_IND` but the required persistent statistics storage is not present or is corrupted. Using transient stats instead.
2022-06-11T21:36:23.556909Z 28 [ERROR] InnoDB: Table `mysql`.`innodb_table_stats` not found.
2022-06-11T21:36:23.557906Z 28 [ERROR] InnoDB: Fetch of persistent statistics requested for table `db_demomot`.`t_user` but the required system tables mysql.innodb_table_stats and mysql.innodb_index_stats are not present or have unexpected structure. Using transient stats instead.
2022-06-11T21:36:23.574837Z 28 [ERROR] InnoDB: Table `mysql`.`innodb_table_stats` not found.
2022-06-11T21:36:23.575833Z 28 [ERROR] InnoDB: Table `mysql`.`innodb_table_stats` not found.
2022-06-11T21:36:23.575833Z 28 [Note] InnoDB: Recalculation of persistent statistics requested for table `db_demomot`.`t_user` index `FKt_be_IND` but the required persistent statistics storage is not present or is corrupted. Using transient stats instead.
2022-06-11T21:36:23.577827Z 28 [ERROR] InnoDB: Table `mysql`.`innodb_table_stats` not found.
2022-06-11T21:36:23.578824Z 28 [ERROR] InnoDB: Fetch of persistent statistics requested for table `db_demomot`.`t_user` but the required system tables mysql.innodb_table_stats and mysql.innodb_index_stats are not present or have unexpected structure. Using transient stats instead.
2022-06-11T21:37:22.987521Z 0 [Note] C:\Users\damis\Desktop\developpement\01-Github\01-Projets\P-Demomot\UwAmp\01-UwAmp\bin\database\mysql-5.7.11\bin\mysqld.exe: Normal shutdown

2022-06-11T21:37:22.988517Z 0 [Note] Giving 0 client threads a chance to die gracefully
2022-06-11T21:37:22.989516Z 0 [Note] Shutting down slave threads
2022-06-11T21:37:22.989516Z 0 [Note] Forcefully disconnecting 0 remaining clients
2022-06-11T21:37:22.990510Z 0 [Note] Event Scheduler: Purging the queue. 0 events
2022-06-11T21:37:22.991508Z 0 [Note] Binlog end
2022-06-11T21:37:22.992507Z 0 [Note] Shutting down plugin 'ngram'
2022-06-11T21:37:22.992507Z 0 [Note] Shutting down plugin 'partition'
2022-06-11T21:37:22.993503Z 0 [Note] Shutting down plugin 'BLACKHOLE'
2022-06-11T21:37:22.993503Z 0 [Note] Shutting down plugin 'ARCHIVE'
2022-06-11T21:37:22.994510Z 0 [Note] Shutting down plugin 'PERFORMANCE_SCHEMA'
2022-06-11T21:37:22.994510Z 0 [Note] Shutting down plugin 'MRG_MYISAM'
2022-06-11T21:37:22.995498Z 0 [Note] Shutting down plugin 'MyISAM'
2022-06-11T21:37:22.995498Z 0 [Note] Shutting down plugin 'INNODB_SYS_VIRTUAL'
2022-06-11T21:37:22.996496Z 0 [Note] Shutting down plugin 'INNODB_SYS_DATAFILES'
2022-06-11T21:37:22.997493Z 0 [Note] Shutting down plugin 'INNODB_SYS_TABLESPACES'
2022-06-11T21:37:22.997493Z 0 [Note] Shutting down plugin 'INNODB_SYS_FOREIGN_COLS'
2022-06-11T21:37:22.998491Z 0 [Note] Shutting down plugin 'INNODB_SYS_FOREIGN'
2022-06-11T21:37:22.998491Z 0 [Note] Shutting down plugin 'INNODB_SYS_FIELDS'
2022-06-11T21:37:22.998491Z 0 [Note] Shutting down plugin 'INNODB_SYS_COLUMNS'
2022-06-11T21:37:22.999487Z 0 [Note] Shutting down plugin 'INNODB_SYS_INDEXES'
2022-06-11T21:37:22.999487Z 0 [Note] Shutting down plugin 'INNODB_SYS_TABLESTATS'
2022-06-11T21:37:23.000485Z 0 [Note] Shutting down plugin 'INNODB_SYS_TABLES'
2022-06-11T21:37:23.000485Z 0 [Note] Shutting down plugin 'INNODB_FT_INDEX_TABLE'
2022-06-11T21:37:23.001482Z 0 [Note] Shutting down plugin 'INNODB_FT_INDEX_CACHE'
2022-06-11T21:37:23.001482Z 0 [Note] Shutting down plugin 'INNODB_FT_CONFIG'
2022-06-11T21:37:23.001482Z 0 [Note] Shutting down plugin 'INNODB_FT_BEING_DELETED'
2022-06-11T21:37:23.002479Z 0 [Note] Shutting down plugin 'INNODB_FT_DELETED'
2022-06-11T21:37:23.002479Z 0 [Note] Shutting down plugin 'INNODB_FT_DEFAULT_STOPWORD'
2022-06-11T21:37:23.003476Z 0 [Note] Shutting down plugin 'INNODB_METRICS'
2022-06-11T21:37:23.003476Z 0 [Note] Shutting down plugin 'INNODB_TEMP_TABLE_INFO'
2022-06-11T21:37:23.004474Z 0 [Note] Shutting down plugin 'INNODB_BUFFER_POOL_STATS'
2022-06-11T21:37:23.004474Z 0 [Note] Shutting down plugin 'INNODB_BUFFER_PAGE_LRU'
2022-06-11T21:37:23.004474Z 0 [Note] Shutting down plugin 'INNODB_BUFFER_PAGE'
2022-06-11T21:37:23.005471Z 0 [Note] Shutting down plugin 'INNODB_CMP_PER_INDEX_RESET'
2022-06-11T21:37:23.005471Z 0 [Note] Shutting down plugin 'INNODB_CMP_PER_INDEX'
2022-06-11T21:37:23.006469Z 0 [Note] Shutting down plugin 'INNODB_CMPMEM_RESET'
2022-06-11T21:37:23.006469Z 0 [Note] Shutting down plugin 'INNODB_CMPMEM'
2022-06-11T21:37:23.006469Z 0 [Note] Shutting down plugin 'INNODB_CMP_RESET'
2022-06-11T21:37:23.007578Z 0 [Note] Shutting down plugin 'INNODB_CMP'
2022-06-11T21:37:23.007578Z 0 [Note] Shutting down plugin 'INNODB_LOCK_WAITS'
2022-06-11T21:37:23.008501Z 0 [Note] Shutting down plugin 'INNODB_LOCKS'
2022-06-11T21:37:23.008501Z 0 [Note] Shutting down plugin 'INNODB_TRX'
2022-06-11T21:37:23.008501Z 0 [Note] Shutting down plugin 'InnoDB'
2022-06-11T21:37:23.009532Z 0 [Note] InnoDB: FTS optimize thread exiting.
2022-06-11T21:37:23.009532Z 0 [Note] InnoDB: Starting shutdown...
2022-06-11T21:37:23.120289Z 0 [Note] InnoDB: Dumping buffer pool(s) to C:\Users\damis\Desktop\developpement\01-Github\01-Projets\P-Demomot\UwAmp\01-UwAmp\bin\database\mysql-5.7.11\data\ib_buffer_pool
2022-06-11T21:37:23.122285Z 0 [Note] InnoDB: Buffer pool(s) dump completed at 220611 23:37:23
2022-06-11T21:37:24.117063Z 0 [Note] InnoDB: Shutdown completed; log sequence number 1615635
2022-06-11T21:37:24.118024Z 0 [Note] InnoDB: Removed temporary tablespace data file: "ibtmp1"
2022-06-11T21:37:24.119023Z 0 [Note] Shutting down plugin 'MEMORY'
2022-06-11T21:37:24.120054Z 0 [Note] Shutting down plugin 'CSV'
2022-06-11T21:37:24.120054Z 0 [Note] Shutting down plugin 'sha256_password'
2022-06-11T21:37:24.121050Z 0 [Note] Shutting down plugin 'mysql_native_password'
2022-06-11T21:37:24.121050Z 0 [Note] Shutting down plugin 'binlog'
2022-06-11T21:37:24.122048Z 0 [Note] C:\Users\damis\Desktop\developpement\01-Github\01-Projets\P-Demomot\UwAmp\01-UwAmp\bin\database\mysql-5.7.11\bin\mysqld.exe: Shutdown complete

